Using pre-set license
Built from '2021.1/staging' branch; Version is '2021.1.12f1 (afcadd793de6) revision 11520733'; Using compiler version '192528614'; Build Type 'Release'
OS: 'Windows 10 Pro; OS build 19043.928; Version 2009; 64bit' Language: 'en' Physical Memory: 3071 MB
BatchMode: 1, IsHumanControllingUs: 0, StartBugReporterOnCrash: 0, Is64bit: 1, IsPro: 0

 COMMAND LINE ARGUMENTS:
C:\Program Files\Unity\Hub\Editor\2021.1.12f1\Editor\Unity.exe
-adb2
-batchMode
-noUpm
-name
AssetImportWorker0
-projectPath
C:/Users/DovisP/1st try
-logFile
Logs/AssetImportWorker0.log
-srvPort
50254
Successfully changed project path to: C:/Users/DovisP/1st try
C:/Users/DovisP/1st try
Using Asset Import Pipeline V2.
Refreshing native plugins compatible for Editor in 335.53 ms, found 3 plugins.
Preloading 0 native plugins for Editor in 0.00 ms.
Initialize engine version: 2021.1.12f1 (afcadd793de6)
[Subsystems] Discovering subsystems at path C:/Program Files/Unity/Hub/Editor/2021.1.12f1/Editor/Data/Resources/UnitySubsystems
[Subsystems] Discovering subsystems at path C:/Users/DovisP/1st try/Assets
GfxDevice: creating device client; threaded=0; jobified=0
Direct3D:
    Version:  Direct3D 11.0 [level 10.1]
    Renderer: ATI Radeon HD 4600 Series (ID=0x9498)
    Vendor:   ATI
    VRAM:     1018 MB
    Driver:   8.970.100.9001
Initialize mono
Mono path[0] = 'C:/Program Files/Unity/Hub/Editor/2021.1.12f1/Editor/Data/Managed'
Mono path[1] = 'C:/Program Files/Unity/Hub/Editor/2021.1.12f1/Editor/Data/MonoBleedingEdge/lib/mono/unityjit'
Mono config path = 'C:/Program Files/Unity/Hub/Editor/2021.1.12f1/Editor/Data/MonoBleedingEdge/etc'
Using monoOptions --debugger-agent=transport=dt_socket,embedding=1,server=y,suspend=n,address=127.0.0.1:56684
Begin MonoManager ReloadAssembly
Registering precompiled unity dll's ...
Register platform support module: C:/Program Files/Unity/Hub/Editor/2021.1.12f1/Editor/Data/PlaybackEngines/WebGLSupport/UnityEditor.WebGL.Extensions.dll
Register platform support module: C:/Program Files/Unity/Hub/Editor/2021.1.12f1/Editor/Data/PlaybackEngines/WindowsStandaloneSupport/UnityEditor.WindowsStandalone.Extensions.dll
Registered in 0.013259 seconds.
Native extension for WindowsStandalone target not found
Native extension for WebGL target not found
Refreshing native plugins compatible for Editor in 362.91 ms, found 3 plugins.
Preloading 0 native plugins for Editor in 0.00 ms.
Mono: successfully reloaded assembly
- Completed reload, in 13.160 seconds
Domain Reload Profiling:
	ReloadAssembly (13160ms)
		BeginReloadAssembly (244ms)
			ExecutionOrderSort (0ms)
			DisableScriptedObjects (0ms)
			BackupInstance (0ms)
			ReleaseScriptingObjects (0ms)
			CreateAndSetChildDomain (2ms)
		EndReloadAssembly (2516ms)
			LoadAssemblies (238ms)
			RebuildTransferFunctionScriptingTraits (1ms)
			SetupTypeCache (769ms)
			ReleaseScriptCaches (0ms)
			RebuildScriptCaches (343ms)
			SetupLoadedEditorAssemblies (1110ms)
				LogAssemblyErrors (0ms)
				InitializePlatformSupportModulesInManaged (25ms)
				SetLoadedEditorAssemblies (2ms)
				RefreshPlugins (363ms)
				BeforeProcessingInitializeOnLoad (6ms)
				ProcessInitializeOnLoadAttributes (569ms)
				ProcessInitializeOnLoadMethodAttributes (143ms)
				AfterProcessingInitializeOnLoad (0ms)
				EditorAssembliesLoaded (1ms)
			ExecutionOrderSort2 (0ms)
			AwakeInstancesAfterBackupRestoration (0ms)
Platform modules already initialized, skipping
Registering precompiled user dll's ...
Registered in 0.074969 seconds.
Begin MonoManager ReloadAssembly
Symbol file LoadedFromMemory doesn't match image C:\Users\DovisP\1st try\Library\PackageCache\com.unity.visualscripting@1.6.1\Editor\VisualScripting.Core\Dependencies\YamlDotNet\Unity.VisualScripting.YamlDotNet.dll
Symbol file LoadedFromMemory doesn't match image C:\Users\DovisP\1st try\Library\PackageCache\com.unity.visualscripting@1.6.1\Editor\VisualScripting.Core\Dependencies\DotNetZip\Unity.VisualScripting.IonicZip.dll
Native extension for WindowsStandalone target not found
Native extension for WebGL target not found
Refreshing native plugins compatible for Editor in 2.70 ms, found 3 plugins.
Preloading 0 native plugins for Editor in 0.00 ms.
Mono: successfully reloaded assembly
- Completed reload, in  4.568 seconds
Domain Reload Profiling:
	ReloadAssembly (4570ms)
		BeginReloadAssembly (689ms)
			ExecutionOrderSort (0ms)
			DisableScriptedObjects (28ms)
			BackupInstance (0ms)
			ReleaseScriptingObjects (0ms)
			CreateAndSetChildDomain (72ms)
		EndReloadAssembly (3614ms)
			LoadAssemblies (658ms)
			RebuildTransferFunctionScriptingTraits (0ms)
			SetupTypeCache (1304ms)
			ReleaseScriptCaches (1ms)
			RebuildScriptCaches (179ms)
			SetupLoadedEditorAssemblies (1074ms)
				LogAssemblyErrors (0ms)
				InitializePlatformSupportModulesInManaged (21ms)
				SetLoadedEditorAssemblies (1ms)
				RefreshPlugins (3ms)
				BeforeProcessingInitializeOnLoad (250ms)
				ProcessInitializeOnLoadAttributes (757ms)
				ProcessInitializeOnLoadMethodAttributes (15ms)
				AfterProcessingInitializeOnLoad (26ms)
				EditorAssembliesLoaded (1ms)
			ExecutionOrderSort2 (0ms)
			AwakeInstancesAfterBackupRestoration (24ms)
Platform modules already initialized, skipping
========================================================================
Worker process is ready to serve import requests
Launched and connected shader compiler UnityShaderCompiler.exe after 0.17 seconds
Refreshing native plugins compatible for Editor in 2.83 ms, found 3 plugins.
Preloading 0 native plugins for Editor in 0.00 ms.
Unloading 2941 Unused Serialized files (Serialized files now loaded: 0)
System memory in use before: 105.6 MB.
System memory in use after: 105.8 MB.

Unloading 23 unused Assets to reduce memory usage. Loaded Objects now: 3385.
Total: 13.464700 ms (FindLiveObjects: 0.847200 ms CreateObjectMapping: 0.266600 ms MarkObjects: 11.994300 ms  DeleteObjects: 0.353400 ms)

AssetImportParameters requested are different than current active one (requested -> active):
  custom:framework-win-MediaFoundation: 216162199b28c13a410421893ffa2e32 -> 
  custom:video-decoder-ogg-theora: a1e56fd34408186e4bbccfd4996cb3dc -> 
  custom:container-muxer-webm: aa71ff27fc2769a1b78a27578f13a17b -> 
  custom:container-demuxer-webm: 4f35f7cbe854078d1ac9338744f61a02 -> 
  custom:container-demuxer-ogg: 62fdf1f143b41e24485cea50d1cbac27 -> 
  custom:video-encoder-webm-vp8: eb34c28f22e8b96e1ab97ce403110664 -> 
  custom:video-decoder-webm-vp8: 9c59270c3fd7afecdb556c50c9e8de78 -> 
  custom:audio-decoder-ogg-vorbis: bf7c407c2cedff20999df2af8eb42d56 -> 
  custom:audio-encoder-webm-vorbis: bf7c407c2cedff20999df2af8eb42d56 -> 
========================================================================
Received Import Request.
  path: Assets/Scenes/SampleScene.unity
  artifactKey: Guid(9fc0d4010bbf28b4594072e72b8655ab) Importer(2089858483,934ff659095e30574adcf32a4c2f97b5)
Start importing Assets/Scenes/SampleScene.unity using Guid(9fc0d4010bbf28b4594072e72b8655ab) Importer(2089858483,934ff659095e30574adcf32a4c2f97b5)  -> (artifact id: '28e6d29a7276881e27c9cdb32c47bdc0') in 0.300452 seconds 
========================================================================
Received Import Request.
  Time since last request: 311.777933 seconds.
  path: Assets/New Terrain.asset
  artifactKey: Guid(7c8d69f874a2f2a409fdf49e3a61705a) Importer(815301076,1909f56bfc062723c751e8b465ee728b)
Start importing Assets/New Terrain.asset using Guid(7c8d69f874a2f2a409fdf49e3a61705a) Importer(815301076,1909f56bfc062723c751e8b465ee728b)  -> (artifact id: '57fc12c3790a30d96279cdd25dec2bf2') in 2.512372 seconds 
========================================================================
Received Import Request.
  Time since last request: 0.001603 seconds.
  path: Assets/New Terrain.asset
  artifactKey: Guid(7c8d69f874a2f2a409fdf49e3a61705a) Importer(2089858483,934ff659095e30574adcf32a4c2f97b5)
Start importing Assets/New Terrain.asset using Guid(7c8d69f874a2f2a409fdf49e3a61705a) Importer(2089858483,934ff659095e30574adcf32a4c2f97b5)  -> (artifact id: '142e0ce0417274a5508c3ab0b235c7e6') in 0.137246 seconds 
========================================================================
Received Import Request.
  Time since last request: 107.134749 seconds.
  path: Assets/Scenes
  artifactKey: Guid(38b086437702234468cd5bc5ccbff6c2) Importer(815301076,1909f56bfc062723c751e8b465ee728b)
Start importing Assets/Scenes using Guid(38b086437702234468cd5bc5ccbff6c2) Importer(815301076,1909f56bfc062723c751e8b465ee728b)  -> (artifact id: '60b180017cb44339b5d900c9859b3f43') in 0.024307 seconds 
========================================================================
Received Import Request.
  Time since last request: 1.447886 seconds.
  path: Assets/Scenes/SampleScene.unity
  artifactKey: Guid(9fc0d4010bbf28b4594072e72b8655ab) Importer(815301076,1909f56bfc062723c751e8b465ee728b)
Start importing Assets/Scenes/SampleScene.unity using Guid(9fc0d4010bbf28b4594072e72b8655ab) Importer(815301076,1909f56bfc062723c751e8b465ee728b)  -> (artifact id: '85059f4f9e1a832ed95adaa0d25c5c4c') in 0.032083 seconds 
========================================================================
Received Import Request.
  Time since last request: 198.130407 seconds.
  path: Packages/com.unity.ide.visualstudio/package.json
  artifactKey: Guid(656f74f6edaa396458412b9e3903d8cd) Importer(815301076,1909f56bfc062723c751e8b465ee728b)
Start importing Packages/com.unity.ide.visualstudio/package.json using Guid(656f74f6edaa396458412b9e3903d8cd) Importer(815301076,1909f56bfc062723c751e8b465ee728b)  -> (artifact id: 'a28a35e8ea253b61f4f8f8b88ed08bde') in 0.182527 seconds 
========================================================================
Received Import Request.
  Time since last request: 0.420445 seconds.
  path: Packages/com.unity.ide.vscode/package.json
  artifactKey: Guid(ffc6271f08270b64ca0aae9c49235d81) Importer(815301076,1909f56bfc062723c751e8b465ee728b)
Start importing Packages/com.unity.ide.vscode/package.json using Guid(ffc6271f08270b64ca0aae9c49235d81) Importer(815301076,1909f56bfc062723c751e8b465ee728b)  -> (artifact id: 'a8c880b86d34ea0179c564839dfd3976') in 0.048840 seconds 
========================================================================
Received Import Request.
  Time since last request: 0.584521 seconds.
  path: Packages/com.unity.visualscripting/package.json
  artifactKey: Guid(545a9d2bc7370224f8d14c22f2f580e0) Importer(815301076,1909f56bfc062723c751e8b465ee728b)
Start importing Packages/com.unity.visualscripting/package.json using Guid(545a9d2bc7370224f8d14c22f2f580e0) Importer(815301076,1909f56bfc062723c751e8b465ee728b)  -> (artifact id: '5ab591dbab583a5da9ed477dd964651f') in 0.048245 seconds 
========================================================================
Received Import Request.
  Time since last request: 0.324814 seconds.
  path: Packages/com.unity.ugui/package.json
  artifactKey: Guid(319b8889f363f5947acf209c17a94149) Importer(815301076,1909f56bfc062723c751e8b465ee728b)
Start importing Packages/com.unity.ugui/package.json using Guid(319b8889f363f5947acf209c17a94149) Importer(815301076,1909f56bfc062723c751e8b465ee728b)  -> (artifact id: 'b2303eab830ceb169e07e6b830573085') in 0.052718 seconds 
========================================================================
Received Import Request.
  Time since last request: 1.698416 seconds.
  path: Packages/com.unity.ide.rider/package.json
  artifactKey: Guid(66c95bb3c74257f41bae2622511dc02d) Importer(815301076,1909f56bfc062723c751e8b465ee728b)
Start importing Packages/com.unity.ide.rider/package.json using Guid(66c95bb3c74257f41bae2622511dc02d) Importer(815301076,1909f56bfc062723c751e8b465ee728b)  -> (artifact id: 'b65d418eea8f6470b7a77313571f9e95') in 0.034658 seconds 
========================================================================
Received Import Request.
  Time since last request: 1.547551 seconds.
  path: Packages/com.unity.ext.nunit/package.json
  artifactKey: Guid(8143d3a8390f2c64685e3bc272bd9e90) Importer(815301076,1909f56bfc062723c751e8b465ee728b)
Start importing Packages/com.unity.ext.nunit/package.json using Guid(8143d3a8390f2c64685e3bc272bd9e90) Importer(815301076,1909f56bfc062723c751e8b465ee728b)  -> (artifact id: '36f449bd9ed4a92e06d659da724da745') in 0.048773 seconds 
========================================================================
Received Import Request.
  Time since last request: 147.650925 seconds.
  path: Assets/New Terrain 1.asset
  artifactKey: Guid(6c0363721eb42394aa9635d7ea955691) Importer(2089858483,934ff659095e30574adcf32a4c2f97b5)
Start importing Assets/New Terrain 1.asset using Guid(6c0363721eb42394aa9635d7ea955691) Importer(2089858483,934ff659095e30574adcf32a4c2f97b5)  -> (artifact id: 'cba152bbc343eeac457f38b7f70f9fd7') in 0.041846 seconds 
========================================================================
Received Import Request.
  Time since last request: 28.892108 seconds.
  path: Assets/New Terrain 2.asset
  artifactKey: Guid(1771a864747bfd246990f187a7311416) Importer(2089858483,934ff659095e30574adcf32a4c2f97b5)
Start importing Assets/New Terrain 2.asset using Guid(1771a864747bfd246990f187a7311416) Importer(2089858483,934ff659095e30574adcf32a4c2f97b5)  -> (artifact id: '53af8a9fc799e150d2ebff66036d9b87') in 13.850736 seconds 
========================================================================
Received Import Request.
  Time since last request: 472.784395 seconds.
  path: Assets/New Terrain 2.asset
  artifactKey: Guid(1771a864747bfd246990f187a7311416) Importer(2089858483,934ff659095e30574adcf32a4c2f97b5)
Start importing Assets/New Terrain 2.asset using Guid(1771a864747bfd246990f187a7311416) Importer(2089858483,934ff659095e30574adcf32a4c2f97b5)  -> (artifact id: '0259f504bef8c7308dc73182b0afa41d') in 0.161695 seconds 
========================================================================
Received Import Request.
  Time since last request: 0.000585 seconds.
  path: Assets/New Terrain.asset
  artifactKey: Guid(7c8d69f874a2f2a409fdf49e3a61705a) Importer(2089858483,934ff659095e30574adcf32a4c2f97b5)
Start importing Assets/New Terrain.asset using Guid(7c8d69f874a2f2a409fdf49e3a61705a) Importer(2089858483,934ff659095e30574adcf32a4c2f97b5)  -> (artifact id: '58240f54c308e6432d0616c54cc1def6') in 0.085944 seconds 
========================================================================
Received Import Request.
  Time since last request: 0.000187 seconds.
  path: Assets/Scenes/SampleScene.unity
  artifactKey: Guid(9fc0d4010bbf28b4594072e72b8655ab) Importer(2089858483,934ff659095e30574adcf32a4c2f97b5)
Start importing Assets/Scenes/SampleScene.unity using Guid(9fc0d4010bbf28b4594072e72b8655ab) Importer(2089858483,934ff659095e30574adcf32a4c2f97b5)  -> (artifact id: '76c998ce3dc2689588014481596565cc') in 0.362632 seconds 
AssetImportWorkerClient::OnTransportError - code=2 error=End of file
